<?xml version="1.0" encoding="UTF-8"?>
<testng-results skipped="0" failed="0" total="12" passed="12">
  <reporter-output>
  </reporter-output>
  <suite name="UploadMarks" duration-ms="274216" started-at="2017-01-13T05:42:07Z" finished-at="2017-01-13T05:46:41Z">
    <groups>
    </groups>
    <test name="LaunchApp" duration-ms="5320" started-at="2017-01-13T05:42:07Z" finished-at="2017-01-13T05:42:12Z">
      <class name="Common.LaunchApp">
        <test-method status="PASS" signature="Execute(java.lang.String)[pri:0, instance:Common.LaunchApp@4a1b4407]" name="Execute" duration-ms="5299" started-at="2017-01-13T11:12:07Z" finished-at="2017-01-13T11:12:12Z">
          <params>
            <param index="0">
              <value>
                <![CDATA[http://localhost/]]>
              </value>
            </param>
          </params>
          <reporter-output>
          </reporter-output>
        </test-method> <!-- Execute -->
      </class> <!-- Common.LaunchApp -->
    </test> <!-- LaunchApp -->
    <test name="Login" duration-ms="10100" started-at="2017-01-13T05:42:12Z" finished-at="2017-01-13T05:42:23Z">
      <class name="Common.Login">
        <test-method status="PASS" signature="LoginD(java.lang.String, java.lang.String)[pri:0, instance:Common.Login@4d7cca20]" name="LoginD" duration-ms="10098" started-at="2017-01-13T11:12:12Z" finished-at="2017-01-13T11:12:23Z">
          <params>
            <param index="0">
              <value>
                <![CDATA[maym@inpods.com]]>
              </value>
            </param>
            <param index="1">
              <value>
                <![CDATA[password]]>
              </value>
            </param>
          </params>
          <reporter-output>
          </reporter-output>
        </test-method> <!-- LoginD -->
      </class> <!-- Common.Login -->
    </test> <!-- Login -->
    <test name="Change Section" duration-ms="11508" started-at="2017-01-13T05:42:23Z" finished-at="2017-01-13T05:42:34Z">
      <class name="Common.ChangeSection">
        <test-method status="PASS" signature="selectSection(java.lang.String)[pri:0, instance:Common.ChangeSection@8262adc]" name="selectSection" duration-ms="11058" started-at="2017-01-13T11:12:23Z" finished-at="2017-01-13T11:12:34Z">
          <params>
            <param index="0">
              <value>
                <![CDATA[AutoTestingMM]]>
              </value>
            </param>
          </params>
          <reporter-output>
          </reporter-output>
        </test-method> <!-- selectSection -->
      </class> <!-- Common.ChangeSection -->
      <class name="Com.Ojo.ReadJsonObject">
        <test-method status="PASS" signature="aptTesting()[pri:0, instance:Com.Ojo.ReadJsonObject@1c7d5b2]" name="aptTesting" duration-ms="443" started-at="2017-01-13T11:12:34Z" finished-at="2017-01-13T11:12:34Z">
          <reporter-output>
          </reporter-output>
        </test-method> <!-- aptTesting -->
      </class> <!-- Com.Ojo.ReadJsonObject -->
    </test> <!-- Change Section -->
    <test name="Upload Lab Gradebook DQ In Section 2" duration-ms="64591" started-at="2017-01-13T05:42:34Z" finished-at="2017-01-13T05:43:39Z">
      <class name="Common.ChangeSection">
        <test-method status="PASS" signature="selectSection(java.lang.String)[pri:0, instance:Common.ChangeSection@4038bbd7]" name="selectSection" duration-ms="11851" started-at="2017-01-13T11:12:34Z" finished-at="2017-01-13T11:12:46Z">
          <params>
            <param index="0">
              <value>
                <![CDATA[Lab1_AutoTestingMM]]>
              </value>
            </param>
          </params>
          <reporter-output>
          </reporter-output>
        </test-method> <!-- selectSection -->
      </class> <!-- Common.ChangeSection -->
      <class name="Teacher.UploadFile">
        <test-method status="PASS" signature="upload_gradebook(java.lang.String, java.lang.String)[pri:0, instance:Teacher.UploadFile@4cb44131]" name="upload_gradebook" duration-ms="52737" started-at="2017-01-13T11:12:46Z" finished-at="2017-01-13T11:13:39Z">
          <params>
            <param index="0">
              <value>
                <![CDATA[Lab1]]>
              </value>
            </param>
            <param index="1">
              <value>
                <![CDATA[D:\AutoTestData_Chrome\Upload\Lab1_Mayur Mulay.xlsx]]>
              </value>
            </param>
          </params>
          <reporter-output>
          </reporter-output>
        </test-method> <!-- upload_gradebook -->
      </class> <!-- Teacher.UploadFile -->
    </test> <!-- Upload Lab Gradebook DQ In Section 2 -->
    <test name="Upload Lab Gradebook SQ In Section 3" duration-ms="63949" started-at="2017-01-13T05:43:39Z" finished-at="2017-01-13T05:44:43Z">
      <class name="Common.ChangeSection">
        <test-method status="PASS" signature="selectSection(java.lang.String)[pri:0, instance:Common.ChangeSection@60483218]" name="selectSection" duration-ms="11865" started-at="2017-01-13T11:13:39Z" finished-at="2017-01-13T11:13:50Z">
          <params>
            <param index="0">
              <value>
                <![CDATA[Lab2_AutoTestingMM]]>
              </value>
            </param>
          </params>
          <reporter-output>
          </reporter-output>
        </test-method> <!-- selectSection -->
      </class> <!-- Common.ChangeSection -->
      <class name="Teacher.UploadFile">
        <test-method status="PASS" signature="upload_gradebook(java.lang.String, java.lang.String)[pri:0, instance:Teacher.UploadFile@23d0f70a]" name="upload_gradebook" duration-ms="52078" started-at="2017-01-13T11:13:50Z" finished-at="2017-01-13T11:14:43Z">
          <params>
            <param index="0">
              <value>
                <![CDATA[Lab]]>
              </value>
            </param>
            <param index="1">
              <value>
                <![CDATA[D:\AutoTestData_Chrome\Upload\Lab_Mayur Mulay.xlsx]]>
              </value>
            </param>
          </params>
          <reporter-output>
          </reporter-output>
        </test-method> <!-- upload_gradebook -->
      </class> <!-- Teacher.UploadFile -->
    </test> <!-- Upload Lab Gradebook SQ In Section 3 -->
    <test name="Upload External Gradebook SQ" duration-ms="64578" started-at="2017-01-13T05:44:43Z" finished-at="2017-01-13T05:45:47Z">
      <class name="Common.ChangeSection">
        <test-method status="PASS" signature="selectSection(java.lang.String)[pri:0, instance:Common.ChangeSection@57b324dd]" name="selectSection" duration-ms="11925" started-at="2017-01-13T11:14:43Z" finished-at="2017-01-13T11:14:55Z">
          <params>
            <param index="0">
              <value>
                <![CDATA[AutoTestingMM]]>
              </value>
            </param>
          </params>
          <reporter-output>
          </reporter-output>
        </test-method> <!-- selectSection -->
      </class> <!-- Common.ChangeSection -->
      <class name="Teacher.UploadFile">
        <test-method status="PASS" signature="upload_gradebook(java.lang.String, java.lang.String)[pri:0, instance:Teacher.UploadFile@32395626]" name="upload_gradebook" duration-ms="52649" started-at="2017-01-13T11:14:55Z" finished-at="2017-01-13T11:15:47Z">
          <params>
            <param index="0">
              <value>
                <![CDATA[External]]>
              </value>
            </param>
            <param index="1">
              <value>
                <![CDATA[D:\AutoTestData_Chrome\Upload\External_Mayur Mulay.xlsx]]>
              </value>
            </param>
          </params>
          <reporter-output>
          </reporter-output>
        </test-method> <!-- upload_gradebook -->
      </class> <!-- Teacher.UploadFile -->
    </test> <!-- Upload External Gradebook SQ -->
    <test name="Upload External Gradebook DQ" duration-ms="52836" started-at="2017-01-13T05:45:47Z" finished-at="2017-01-13T05:46:40Z">
      <class name="Teacher.UploadFile">
        <test-method status="PASS" signature="upload_gradebook(java.lang.String, java.lang.String)[pri:0, instance:Teacher.UploadFile@480ae510]" name="upload_gradebook" duration-ms="52834" started-at="2017-01-13T11:15:47Z" finished-at="2017-01-13T11:16:40Z">
          <params>
            <param index="0">
              <value>
                <![CDATA[External1]]>
              </value>
            </param>
            <param index="1">
              <value>
                <![CDATA[D:\AutoTestData_Chrome\Upload\External1_Mayur Mulay.xlsx]]>
              </value>
            </param>
          </params>
          <reporter-output>
          </reporter-output>
        </test-method> <!-- upload_gradebook -->
      </class> <!-- Teacher.UploadFile -->
    </test> <!-- Upload External Gradebook DQ -->
    <test name="CloseBroser" duration-ms="1269" started-at="2017-01-13T05:46:40Z" finished-at="2017-01-13T05:46:41Z">
      <class name="Common.CloseBroser">
        <test-method status="PASS" signature="quit1()[pri:0, instance:Common.CloseBroser@30f3c90f]" name="quit1" duration-ms="1262" started-at="2017-01-13T11:16:40Z" finished-at="2017-01-13T11:16:41Z">
          <reporter-output>
          </reporter-output>
        </test-method> <!-- quit1 -->
      </class> <!-- Common.CloseBroser -->
    </test> <!-- CloseBroser -->
  </suite> <!-- UploadMarks -->
</testng-results>
