<?xml version="1.0" encoding="UTF-8"?>
<!-- Generated by org.testng.reporters.JUnitXMLReporter -->
<testsuite hostname="User-PC" name="AssignmentCreation+Project+SQ+Group Assignment/project:yes;PodGroup_1" tests="2" failures="0" timestamp="28 Feb 2017 05:44:31 GMT" time="115.847" errors="0">
  <testcase name="selectSection" time="31.661" classname="Common.ChangeSection"/>
  <testcase name="AssignmentCreationDataCreation" time="84.181" classname="Teacher.AssignmentCreation"/>
</testsuite> <!-- AssignmentCreation+Project+SQ+Group Assignment/project:yes;PodGroup_1 -->
