<?xml version="1.0" encoding="UTF-8"?>
<!-- Generated by org.testng.reporters.JUnitXMLReporter -->
<testsuite hostname="User-PC" name="AssignmentCreation+Exam+SQ+featureDate+IndIvidualAccessCode" tests="2" failures="0" timestamp="10 May 2017 18:42:43 GMT" time="189.274" errors="0">
  <testcase name="selectSection" time="27.38" classname="Common.ChangeSection"/>
  <testcase name="AssignmentCreationDataCreation" time="161.889" classname="Teacher.AssignmentCreation"/>
</testsuite> <!-- AssignmentCreation+Exam+SQ+featureDate+IndIvidualAccessCode -->
