<?xml version="1.0" encoding="UTF-8"?>
<!-- Generated by org.testng.reporters.JUnitXMLReporter -->
<testsuite hostname="User-PC" name="AssignmentCreation+Project+SQ+Group Assignment/project:yes;PodGroup_1" tests="2" failures="0" timestamp="11 Jan 2017 10:55:11 GMT" time="117.054" errors="0">
  <testcase name="selectSection" time="30.994" classname="Common.ChangeSection"/>
  <testcase name="AssignmentCreationDataCreation" time="86.058" classname="Teacher.AssignmentCreation"/>
</testsuite> <!-- AssignmentCreation+Project+SQ+Group Assignment/project:yes;PodGroup_1 -->
