<?xml version="1.0" encoding="UTF-8"?>
<!-- Generated by org.testng.reporters.JUnitXMLReporter -->
<testsuite hostname="User-PC" name="AssignmentCreation+Homework+MCQ+Show answers after due date:yes" tests="2" failures="0" timestamp="28 Feb 2017 05:37:44 GMT" time="270.734" errors="0">
  <testcase name="selectSection" time="11.247" classname="Common.ChangeSection"/>
  <testcase name="AssignmentCreationDataCreation" time="259.485" classname="Teacher.AssignmentCreation"/>
</testsuite> <!-- AssignmentCreation+Homework+MCQ+Show answers after due date:yes -->
