<?xml version="1.0" encoding="UTF-8"?>
<!-- Generated by org.testng.reporters.JUnitXMLReporter -->
<testsuite hostname="User-PC" name="AssignmentCreation+Exam+MCQ+Today+IndIvidualAccessCode" tests="2" failures="0" timestamp="11 Jan 2017 10:41:41 GMT" time="222.085" errors="0">
  <testcase name="selectSection" time="13.245" classname="Common.ChangeSection"/>
  <testcase name="AssignmentCreationDataCreation" time="208.839" classname="Teacher.AssignmentCreation"/>
</testsuite> <!-- AssignmentCreation+Exam+MCQ+Today+IndIvidualAccessCode -->
