<?xml version="1.0" encoding="UTF-8"?>
<!-- Generated by org.testng.reporters.JUnitXMLReporter -->
<testsuite hostname="User-PC" name="AssignmentCreation+Test+DQ+PastStartDate+GroopAccessCode" tests="2" failures="0" timestamp="11 Jan 2017 10:37:58 GMT" time="159.65" errors="0">
  <testcase name="selectSection" time="13.083" classname="Common.ChangeSection"/>
  <testcase name="AssignmentCreationDataCreation" time="146.565" classname="Teacher.AssignmentCreation"/>
</testsuite> <!-- AssignmentCreation+Test+DQ+PastStartDate+GroopAccessCode -->
