<?xml version="1.0" encoding="UTF-8"?>
<!-- Generated by org.testng.reporters.JUnitXMLReporter -->
<testsuite hostname="User-PC" name="AssignmentCreation+Test+MCQ+featureDate+IndIvidualAccessCode" tests="2" failures="0" timestamp="28 Feb 2017 05:20:18 GMT" time="317.14" errors="0">
  <testcase name="selectSection" time="13.276" classname="Common.ChangeSection"/>
  <testcase name="AssignmentCreationDataCreation" time="303.859" classname="Teacher.AssignmentCreation"/>
</testsuite> <!-- AssignmentCreation+Test+MCQ+featureDate+IndIvidualAccessCode -->
