<?xml version="1.0" encoding="UTF-8"?>
<!-- Generated by org.testng.reporters.JUnitXMLReporter -->
<testsuite hostname="User-PC" name="AssignmentCreation+Test+MCQ+Today+GroopAccessCode" tests="2" failures="0" timestamp="28 Feb 2017 05:28:36 GMT" time="317.222" errors="0">
  <testcase name="selectSection" time="12.91" classname="Common.ChangeSection"/>
  <testcase name="AssignmentCreationDataCreation" time="304.289" classname="Teacher.AssignmentCreation"/>
</testsuite> <!-- AssignmentCreation+Test+MCQ+Today+GroopAccessCode -->
