<?xml version="1.0" encoding="UTF-8"?>
<!-- Generated by org.testng.reporters.JUnitXMLReporter -->
<testsuite hostname="User-PC" name="AssignmentCreation+Homework+DQ+Show answers after due date:no" tests="2" failures="0" timestamp="11 Jan 2017 10:50:13 GMT" time="114.796" errors="0">
  <testcase name="selectSection" time="12.527" classname="Common.ChangeSection"/>
  <testcase name="AssignmentCreationDataCreation" time="102.265" classname="Teacher.AssignmentCreation"/>
</testsuite> <!-- AssignmentCreation+Homework+DQ+Show answers after due date:no -->
