<?xml version="1.0" encoding="UTF-8"?>
<!-- Generated by org.testng.reporters.JUnitXMLReporter -->
<testsuite hostname="User-PC" name="AssignmentCreation+Test+DQ+PastStartDate+GroopAccessCode" tests="2" failures="0" timestamp="28 Feb 2017 05:31:13 GMT" time="156.083" errors="0">
  <testcase name="selectSection" time="11.386" classname="Common.ChangeSection"/>
  <testcase name="AssignmentCreationDataCreation" time="144.693" classname="Teacher.AssignmentCreation"/>
</testsuite> <!-- AssignmentCreation+Test+DQ+PastStartDate+GroopAccessCode -->
