<?xml version="1.0" encoding="UTF-8"?>
<!-- Generated by org.testng.reporters.JUnitXMLReporter -->
<testsuite hostname="User-PC" name="AssignmentCreation+Homework+MCQ+Show answers after due date:yes" tests="2" failures="0" timestamp="11 Jan 2017 10:48:18 GMT" time="275.584" errors="0">
  <testcase name="selectSection" time="12.473" classname="Common.ChangeSection"/>
  <testcase name="AssignmentCreationDataCreation" time="263.109" classname="Teacher.AssignmentCreation"/>
</testsuite> <!-- AssignmentCreation+Homework+MCQ+Show answers after due date:yes -->
