<?xml version="1.0" encoding="UTF-8"?>
<!-- Generated by org.testng.reporters.JUnitXMLReporter -->
<testsuite hostname="User-PC" name="AssignmentCreation+Test+MCQ+featureDate+IndIvidualAccessCode" tests="2" failures="0" timestamp="10 May 2017 18:17:40 GMT" time="630.04" errors="0">
  <testcase name="selectSection" time="27.36" classname="Common.ChangeSection"/>
  <testcase name="AssignmentCreationDataCreation" time="602.674" classname="Teacher.AssignmentCreation"/>
</testsuite> <!-- AssignmentCreation+Test+MCQ+featureDate+IndIvidualAccessCode -->
