<?xml version="1.0" encoding="UTF-8"?>
<!-- Generated by org.testng.reporters.JUnitXMLReporter -->
<testsuite hostname="User-PC" name="AssignmentCreation+Exam+MCQ+Today+IndIvidualAccessCode" tests="2" failures="0" timestamp="28 Feb 2017 05:15:01 GMT" time="316.08" errors="0">
  <testcase name="selectSection" time="12.929" classname="Common.ChangeSection"/>
  <testcase name="AssignmentCreationDataCreation" time="303.149" classname="Teacher.AssignmentCreation"/>
</testsuite> <!-- AssignmentCreation+Exam+MCQ+Today+IndIvidualAccessCode -->
