<?xml version="1.0" encoding="UTF-8"?>
<!-- Generated by org.testng.reporters.JUnitXMLReporter -->
<testsuite hostname="User-PC" name="Create Assignment Add Question From QB" tests="2" failures="0" timestamp="10 May 2017 17:56:35 GMT" time="113.099" errors="0">
  <testcase name="selectSection" time="27.15" classname="Common.ChangeSection"/>
  <testcase name="testAddQuestionAssignment" time="85.947" classname="Teacher.AddQuestionAssignment"/>
</testsuite> <!-- Create Assignment Add Question From QB -->
