<?xml version="1.0" encoding="UTF-8"?>
<!-- Generated by org.testng.reporters.JUnitXMLReporter -->
<testsuite hostname="INPOD" name=" Validate_AssignmentCreation+Test+MCQ+featureDate+IndIvidualAccessCode" tests="1" failures="1" timestamp="1 Dec 2016 15:48:45 GMT" time="236.206" errors="0">
  <testcase name="Validate" time="236.185" classname="Teacher.ValidateCreateAssignment">
    <failure type="junit.framework.AssertionFailedError" message="CO Selected Click to select CO Expected AutoCO3-Fail">
      <![CDATA[junit.framework.AssertionFailedError: CO Selected Click to select CO Expected AutoCO3-Fail
	at junit.framework.Assert.fail(Assert.java:57)
	at Teacher.ValidateEditQuestion.mapCO(ValidateEditQuestion.java:159)
	at Teacher.ValidateEditQuestion.EditQuestion(ValidateEditQuestion.java:110)
	at Teacher.ValidateEditQuestion.getQuestinId(ValidateEditQuestion.java:57)
	at Teacher.ValidateEditQuestion.main(ValidateEditQuestion.java:23)
	at Teacher.ValidateEditActivity.main(ValidateEditActivity.java:23)
	at Teacher.ValidateCreateAssignment.execute(ValidateCreateAssignment.java:278)
	at Teacher.ValidateCreateAssignment.create(ValidateCreateAssignment.java:146)
	at Teacher.ValidateCreateAssignment.Validate(ValidateCreateAssignment.java:43)
	at java.util.concurrent.ThreadPoolExecutor.runWorker(Unknown Source)
	at java.util.concurrent.ThreadPoolExecutor$Worker.run(Unknown Source)
	at java.lang.Thread.run(Unknown Source)
... Removed 10 stack frames]]>
    </failure>
  </testcase> <!-- Validate -->
</testsuite> <!--  Validate_AssignmentCreation+Test+MCQ+featureDate+IndIvidualAccessCode -->
