<?xml version="1.0" encoding="UTF-8"?>
<!-- Generated by org.testng.reporters.JUnitXMLReporter -->
<testsuite hostname="User-PC" name="Create TLO3" tests="1" failures="1" timestamp="15 May 2017 05:15:10 GMT" time="33.245" errors="0">
  <testcase name="CreateTLO" time="33.244" classname="Teacher.CreateTLO">
    <failure type="java.lang.AssertionError" message="Not able to click on Update CO">
      <![CDATA[java.lang.AssertionError: Not able to click on Update CO
	at Teacher.CreateCO.PutCOsinDraftMode(CreateCO.java:139)
	at Teacher.CreateTLO.CreateTLO(CreateTLO.java:23)
	at java.util.concurrent.ThreadPoolExecutor.runWorker(Unknown Source)
	at java.util.concurrent.ThreadPoolExecutor$Worker.run(Unknown Source)
	at java.lang.Thread.run(Unknown Source)
... Removed 11 stack frames]]>
    </failure>
  </testcase> <!-- CreateTLO -->
</testsuite> <!-- Create TLO3 -->
