<?xml version="1.0" encoding="UTF-8"?>
<!-- Generated by org.testng.reporters.JUnitXMLReporter -->
<testsuite hostname="User-PC" name="ValiDate External" tests="2" failures="0" timestamp="10 May 2017 17:22:33 GMT" time="23.402" errors="0">
  <testcase name="ValidateString" time="23.4" classname="Common.ValidateAndSnap"/>
  <testcase name="ValidateStringYes" time="0.0" classname="Common.ValidateAndSnap">
    <skipped/>
  </testcase> <!-- ValidateStringYes -->
</testsuite> <!-- ValiDate External -->
