<?xml version="1.0" encoding="UTF-8"?>
<!-- Generated by org.testng.reporters.JUnitXMLReporter -->
<testsuite hostname="User-PC" name=" Validate_AssignmentCreation+Exam+SQ+featureDate+IndIvidualAccessCode" tests="2" failures="0" timestamp="28 Feb 2017 06:06:02 GMT" time="62.46" errors="0">
  <testcase name="selectSection" time="12.617" classname="Common.ChangeSection"/>
  <testcase name="Validate" time="49.842" classname="Teacher.ValidateCreateAssignment"/>
</testsuite> <!--  Validate_AssignmentCreation+Exam+SQ+featureDate+IndIvidualAccessCode -->
