<?xml version="1.0" encoding="UTF-8"?>
<!-- Generated by org.testng.reporters.JUnitXMLReporter -->
<testsuite hostname="User-PC" name=" Validate_AssignmentCreation+Homework+DQ+Show answers after due date:no" tests="2" failures="0" timestamp="28 Feb 2017 06:10:38 GMT" time="16.883" errors="0">
  <testcase name="selectSection" time="13.118" classname="Common.ChangeSection"/>
  <testcase name="Validate" time="3.764" classname="Teacher.ValidateCreateAssignment"/>
</testsuite> <!--  Validate_AssignmentCreation+Homework+DQ+Show answers after due date:no -->
