<?xml version="1.0" encoding="UTF-8"?>
<!-- Generated by org.testng.reporters.JUnitXMLReporter -->
<testsuite hostname="User-PC" name=" Validate_AssignmentCreation+Test+MCQ+Today+GroopAccessCode" tests="2" failures="0" timestamp="28 Feb 2017 05:58:08 GMT" time="256.841" errors="0">
  <testcase name="selectSection" time="13.295" classname="Common.ChangeSection"/>
  <testcase name="Validate" time="243.544" classname="Teacher.ValidateCreateAssignment"/>
</testsuite> <!--  Validate_AssignmentCreation+Test+MCQ+Today+GroopAccessCode -->
