<?xml version="1.0" encoding="UTF-8"?>
<!-- Generated by org.testng.reporters.JUnitXMLReporter -->
<testsuite hostname="User-PC" name=" Validate_AssignmentCreation+Test+MCQ+Today+GroopAccessCode" tests="2" failures="0" timestamp="11 Jan 2017 11:41:36 GMT" time="73.112" errors="0">
  <testcase name="selectSection" time="11.9" classname="Common.ChangeSection"/>
  <testcase name="Validate" time="61.21" classname="Teacher.ValidateCreateAssignment"/>
</testsuite> <!--  Validate_AssignmentCreation+Test+MCQ+Today+GroopAccessCode -->
