<?xml version="1.0" encoding="UTF-8"?>
<!-- Generated by org.testng.reporters.JUnitXMLReporter -->
<testsuite hostname="User-PC" name=" Validate_AssignmentCreation+Test+DQ+PastStartDate+GroopAccessCode" tests="2" failures="0" timestamp="11 Jan 2017 11:44:10 GMT" time="153.728" errors="0">
  <testcase name="selectSection" time="11.939" classname="Common.ChangeSection"/>
  <testcase name="Validate" time="141.785" classname="Teacher.ValidateCreateAssignment"/>
</testsuite> <!--  Validate_AssignmentCreation+Test+DQ+PastStartDate+GroopAccessCode -->
