<?xml version="1.0" encoding="UTF-8"?>
<!-- Generated by org.testng.reporters.JUnitXMLReporter -->
<testsuite hostname="User-PC" name=" Validate_AssignmentCreation+Exam+MCQ+Today+IndIvidualAccessCode" tests="2" failures="0" timestamp="28 Feb 2017 06:05:00 GMT" time="256.233" errors="0">
  <testcase name="selectSection" time="12.519" classname="Common.ChangeSection"/>
  <testcase name="Validate" time="243.713" classname="Teacher.ValidateCreateAssignment"/>
</testsuite> <!--  Validate_AssignmentCreation+Exam+MCQ+Today+IndIvidualAccessCode -->
