<?xml version="1.0" encoding="UTF-8"?>
<!-- Generated by org.testng.reporters.JUnitXMLReporter -->
<testsuite hostname="User-PC" name=" Validate_AssignmentCreation+External+DQ" tests="2" failures="0" timestamp="28 Feb 2017 06:14:22 GMT" time="151.082" errors="0">
  <testcase name="selectSection" time="12.84" classname="Common.ChangeSection"/>
  <testcase name="Validate" time="138.24" classname="Teacher.ValidateCreateAssignment"/>
</testsuite> <!--  Validate_AssignmentCreation+External+DQ -->
