<?xml version="1.0" encoding="UTF-8"?>
<!-- Generated by org.testng.reporters.JUnitXMLReporter -->
<testsuite hostname="User-PC" name=" Validate_AssignmentCreation+Homework+DQ+Show answers after due date:no" tests="2" failures="0" timestamp="11 Jan 2017 11:50:18 GMT" time="14.315" errors="0">
  <testcase name="selectSection" time="12.064" classname="Common.ChangeSection"/>
  <testcase name="Validate" time="2.247" classname="Teacher.ValidateCreateAssignment"/>
</testsuite> <!--  Validate_AssignmentCreation+Homework+DQ+Show answers after due date:no -->
