<?xml version="1.0" encoding="UTF-8"?>
<!-- Generated by org.testng.reporters.JUnitXMLReporter -->
<testsuite hostname="User-PC" name=" Validate_AssignmentCreation+Test+MCQ+featureDate+IndIvidualAccessCode" tests="2" failures="0" timestamp="11 Jan 2017 11:40:23 GMT" time="254.288" errors="0">
  <testcase name="selectSection" time="12.036" classname="Common.ChangeSection"/>
  <testcase name="Validate" time="242.25" classname="Teacher.ValidateCreateAssignment"/>
</testsuite> <!--  Validate_AssignmentCreation+Test+MCQ+featureDate+IndIvidualAccessCode -->
