<?xml version="1.0" encoding="UTF-8"?>
<!-- Generated by org.testng.reporters.JUnitXMLReporter -->
<testsuite hostname="User-PC" name=" Validate_AssignmentCreation+Homework+MCQ+Show answers after due date:yes" tests="2" failures="0" timestamp="11 Jan 2017 11:50:04 GMT" time="254.102" errors="0">
  <testcase name="selectSection" time="11.959" classname="Common.ChangeSection"/>
  <testcase name="Validate" time="242.139" classname="Teacher.ValidateCreateAssignment"/>
</testsuite> <!--  Validate_AssignmentCreation+Homework+MCQ+Show answers after due date:yes -->
