<?xml version="1.0" encoding="UTF-8"?>
<!-- Generated by org.testng.reporters.JUnitXMLReporter -->
<testsuite hostname="INPOD" name=" Validate_AssignmentCreation+Homework+DQ+Show answers after due date:no" tests="2" failures="0" timestamp="4 Dec 2016 18:53:41 GMT" time="17.751" errors="0">
  <testcase name="selectSection" time="14.329" classname="Common.ChangeSection"/>
  <testcase name="Validate" time="3.421" classname="Teacher.ValidateCreateAssignment"/>
</testsuite> <!--  Validate_AssignmentCreation+Homework+DQ+Show answers after due date:no -->
