<?xml version="1.0" encoding="UTF-8"?>
<!-- Generated by org.testng.reporters.JUnitXMLReporter -->
<testsuite hostname="INPOD" name=" Validate_AssignmentCreation+Exam+SQ+featureDate+IndIvidualAccessCode" tests="2" failures="0" timestamp="4 Dec 2016 18:49:13 GMT" time="64.418" errors="0">
  <testcase name="selectSection" time="14.319" classname="Common.ChangeSection"/>
  <testcase name="Validate" time="50.094" classname="Teacher.ValidateCreateAssignment"/>
</testsuite> <!--  Validate_AssignmentCreation+Exam+SQ+featureDate+IndIvidualAccessCode -->
