<?xml version="1.0" encoding="UTF-8"?>
<!-- Generated by org.testng.reporters.JUnitXMLReporter -->
<testsuite hostname="INPOD" name="GradeStudent" tests="1" failures="1" timestamp="10 Aug 2016 11:21:47 GMT" time="2.187" errors="0">
  <testcase name="GradeStudent" time="2.171" classname="Teacher.GradeAssignment">
    <failure type="java.lang.NullPointerException">
      <![CDATA[java.lang.NullPointerException
	at javax.imageio.ImageIO.write(Unknown Source)
	at Data.ExceptionHndeler.getScreen(ExceptionHndeler.java:42)
	at Data.ExceptionHndeler.Log(ExceptionHndeler.java:28)
	at Teacher.GradeAssignment.GradeAssignment(GradeAssignment.java:66)
	at Teacher.GradeAssignment.GradeStudent(GradeAssignment.java:36)
	at java.util.concurrent.ThreadPoolExecutor.runWorker(Unknown Source)
	at java.util.concurrent.ThreadPoolExecutor$Worker.run(Unknown Source)
	at java.lang.Thread.run(Unknown Source)
... Removed 10 stack frames]]>
    </failure>
  </testcase> <!-- GradeStudent -->
</testsuite> <!-- GradeStudent -->
