<?xml version="1.0" encoding="UTF-8"?>
<!-- Generated by org.testng.reporters.JUnitXMLReporter -->
<testsuite hostname="INPOD" name="Change Section" tests="2" failures="1" timestamp="23 May 2016 14:02:16 GMT" time="6.8" errors="0">
  <testcase name="selectSection" time="6.22" classname="Common.ChangeSection"/>
  <testcase name="aptTesting" time="0.572" classname="Com.Ojo.ReadJsonObject">
    <failure type="java.lang.RuntimeException" message=" HTTP error code : 401">
      <![CDATA[java.lang.RuntimeException:  HTTP error code : 401
	at Com.Ojo.ReadJsonObject.aptTesting(ReadJsonObject.java:23)
... Removed 25 stack frames]]>
    </failure>
  </testcase> <!-- aptTesting -->
</testsuite> <!-- Change Section -->
