<?xml version="1.0" encoding="UTF-8"?>
<!-- Generated by org.testng.reporters.JUnitXMLReporter -->
<testsuite hostname="User-PC" name="Create TLO" tests="1" failures="1" timestamp="12 May 2017 12:31:17 GMT" time="149.646" errors="0">
  <testcase name="CreateTLO" time="149.644" classname="Teacher.CreateTLO">
    <failure type="java.lang.AssertionError" message="User able to Aprove TLO =
Name Description Topic Level Outcomes (TLO) Associated Bloom&amp;apos;s Level Associated Rubric
AutoCO1 AutoCO1
Topic Level Outcomes (TLO)
    AutoCO1_AutoCO1_Tlo1
Bloom3
mayur_rubric
mayur_rubric
AutoCO2 AutoCO2
Topic Level Outcomes (TLO)
AutoCO3 AutoCO3
Topic Level Outcomes (TLO)
AutoCO4 AutoCO4
Topic Level Outcomes (TLO)
AutoCO5 AutoCO5
Topic Level Outcomes (TLO)
mayur_rubric
AutoCO6 AutoCO6
Topic Level Outcomes (TLO)">
      <![CDATA[java.lang.AssertionError: User able to Aprove TLO =
Name Description Topic Level Outcomes (TLO) Associated Bloom's Level Associated Rubric
AutoCO1 AutoCO1
Topic Level Outcomes (TLO)
    AutoCO1_AutoCO1_Tlo1
Bloom3
mayur_rubric
mayur_rubric
AutoCO2 AutoCO2
Topic Level Outcomes (TLO)
AutoCO3 AutoCO3
Topic Level Outcomes (TLO)
AutoCO4 AutoCO4
Topic Level Outcomes (TLO)
AutoCO5 AutoCO5
Topic Level Outcomes (TLO)
mayur_rubric
AutoCO6 AutoCO6
Topic Level Outcomes (TLO)
	at Teacher.CreateTLO.CreateTLO(CreateTLO.java:79)
	at java.util.concurrent.ThreadPoolExecutor.runWorker(Unknown Source)
	at java.util.concurrent.ThreadPoolExecutor$Worker.run(Unknown Source)
	at java.lang.Thread.run(Unknown Source)
... Removed 11 stack frames]]>
    </failure>
  </testcase> <!-- CreateTLO -->
</testsuite> <!-- Create TLO -->
