<?xml version="1.0" encoding="UTF-8"?>
<!-- Generated by org.testng.reporters.JUnitXMLReporter -->
<testsuite hostname="User-PC" name="Set policy_Select Section" tests="2" failures="0" timestamp="16 May 2017 06:13:10 GMT" time="13.803" errors="0">
  <testcase name="TechChangeSection" time="0.0" classname="Tech.TechChangeSection">
    <skipped/>
  </testcase> <!-- TechChangeSection -->
  <testcase name="TechChangeSectionById" time="13.778" classname="Tech.TechChangeSection"/>
</testsuite> <!-- Set policy_Select Section -->
