<?xml version="1.0" encoding="UTF-8"?>
<!-- Generated by org.testng.reporters.JUnitXMLReporter -->
<testsuite hostname="User-PC" name="lesson_Creation_Upload_Video" tests="2" failures="0" timestamp="9 Mar 2017 05:40:43 GMT" time="1540.435" errors="0">
  <testcase name="CreateLesson" time="1427.46" classname="Teacher.Lesson">
    <skipped/>
  </testcase> <!-- CreateLesson -->
  <testcase name="CreateLesson" time="112.975" classname="Teacher.Lesson"/>
</testsuite> <!-- lesson_Creation_Upload_Video -->
