<?xml version="1.0" encoding="UTF-8"?>
<!-- Generated by org.testng.reporters.JUnitXMLReporter -->
<testsuite hostname="User-PC" name="Homework+DQ+Show answers after due date:no" tests="2" failures="0" timestamp="10 May 2017 08:48:57 GMT" time="287.552" errors="0">
  <testcase name="selectSection" time="27.579" classname="Common.ChangeSection"/>
  <testcase name="AssignmentCreationDataCreation" time="259.971" classname="Teacher.AssignmentCreation"/>
</testsuite> <!-- Homework+DQ+Show answers after due date:no -->
