<?xml version="1.0" encoding="UTF-8"?>
<!-- Generated by org.testng.reporters.JUnitXMLReporter -->
<testsuite hostname="User-PC" name="Select Section" tests="2" failures="0" timestamp="15 May 2017 08:48:59 GMT" time="11.199" errors="0">
  <testcase name="TechChangeSection" time="0.0" classname="Tech.TechChangeSection">
    <skipped/>
  </testcase> <!-- TechChangeSection -->
  <testcase name="TechChangeSectionById" time="11.195" classname="Tech.TechChangeSection"/>
</testsuite> <!-- Select Section -->
