<?xml version="1.0" encoding="UTF-8"?>
<!-- Generated by org.testng.reporters.JUnitXMLReporter -->
<testsuite hostname="User-PC" name="Upload Lab - SetOptional with Q optional Assignment -4" tests="2" failures="0" timestamp="16 May 2017 08:26:38 GMT" time="95.823" errors="0">
  <testcase name="selectSection" time="2.16" classname="Common.ChangeSection"/>
  <testcase name="upload_gradebook" time="93.663" classname="Teacher.UploadFile"/>
</testsuite> <!-- Upload Lab - SetOptional with Q optional Assignment -4 -->
